Serving at http://localhost:8338
93 log records found
2021-04-06T11:41:35.859115  0:00:00.104323 GET     [200] /records
93 log records found
2021-04-06T11:42:31.579821  0:00:00.022793 GET     [200] /records
93 log records found
2021-04-06T11:42:32.822960  0:00:00.021429 GET     [200] /records
93 log records found
2021-04-06T14:32:29.263472  0:00:00.019716 GET     [200] /records
[ERROR] 2021-04-07 10:43:49.617731	0:00:00.007802	GET	/records
Bad state: Cannot write to socket, it is closed
package:mysql1/src/buffered_socket.dart 133:7     BufferedSocket.writeBufferPart
package:mysql1/src/buffered_socket.dart 127:12    BufferedSocket.writeBuffer
package:mysql1/src/single_connection.dart 426:19  ReqRespConnection._sendBufferPart
package:mysql1/src/single_connection.dart 414:14  ReqRespConnection.sendBuffer
package:mysql1/src/single_connection.dart 461:11  ReqRespConnection._processHandler
package:mysql1/src/single_connection.dart 486:19  ReqRespConnection.processHandlerWithResults.<fn>
package:mysql1/src/single_connection.dart 483:30  ReqRespConnection.processHandlerWithResults.<fn>
package:pool/pool.dart 127:28                     Pool.withResource

ERROR - 2021-04-07 10:43:49.668290
GET /records
Error thrown by handler.
Bad state: Cannot write to socket, it is closed
package:mysql1/src/buffered_socket.dart 133:7     BufferedSocket.writeBufferPart
package:mysql1/src/buffered_socket.dart 127:12    BufferedSocket.writeBuffer
package:mysql1/src/single_connection.dart 426:19  ReqRespConnection._sendBufferPart
package:mysql1/src/single_connection.dart 414:14  ReqRespConnection.sendBuffer
package:mysql1/src/single_connection.dart 461:11  ReqRespConnection._processHandler
package:mysql1/src/single_connection.dart 486:19  ReqRespConnection.processHandlerWithResults.<fn>
package:mysql1/src/single_connection.dart 483:30  ReqRespConnection.processHandlerWithResults.<fn>
package:pool/pool.dart 127:28                     Pool.withResource

[ERROR] 2021-04-07 10:43:53.364761	0:00:00.000423	GET	/records
Bad state: Cannot write to socket, it is closed
package:mysql1/src/buffered_socket.dart 133:7     BufferedSocket.writeBufferPart
package:mysql1/src/buffered_socket.dart 127:12    BufferedSocket.writeBuffer
package:mysql1/src/single_connection.dart 426:19  ReqRespConnection._sendBufferPart
package:mysql1/src/single_connection.dart 414:14  ReqRespConnection.sendBuffer
package:mysql1/src/single_connection.dart 461:11  ReqRespConnection._processHandler
package:mysql1/src/single_connection.dart 486:19  ReqRespConnection.processHandlerWithResults.<fn>
package:mysql1/src/single_connection.dart 483:30  ReqRespConnection.processHandlerWithResults.<fn>
package:pool/pool.dart 127:28                     Pool.withResource

ERROR - 2021-04-07 10:43:53.367625
GET /records
Error thrown by handler.
Bad state: Cannot write to socket, it is closed
package:mysql1/src/buffered_socket.dart 133:7     BufferedSocket.writeBufferPart
package:mysql1/src/buffered_socket.dart 127:12    BufferedSocket.writeBuffer
package:mysql1/src/single_connection.dart 426:19  ReqRespConnection._sendBufferPart
package:mysql1/src/single_connection.dart 414:14  ReqRespConnection.sendBuffer
package:mysql1/src/single_connection.dart 461:11  ReqRespConnection._processHandler
package:mysql1/src/single_connection.dart 486:19  ReqRespConnection.processHandlerWithResults.<fn>
package:mysql1/src/single_connection.dart 483:30  ReqRespConnection.processHandlerWithResults.<fn>
package:pool/pool.dart 127:28                     Pool.withResource

[ERROR] 2021-04-07 10:45:49.632907	0:00:00.000418	GET	/records
Bad state: Cannot write to socket, it is closed
package:mysql1/src/buffered_socket.dart 133:7     BufferedSocket.writeBufferPart
package:mysql1/src/buffered_socket.dart 127:12    BufferedSocket.writeBuffer
package:mysql1/src/single_connection.dart 426:19  ReqRespConnection._sendBufferPart
package:mysql1/src/single_connection.dart 414:14  ReqRespConnection.sendBuffer
package:mysql1/src/single_connection.dart 461:11  ReqRespConnection._processHandler
package:mysql1/src/single_connection.dart 486:19  ReqRespConnection.processHandlerWithResults.<fn>
package:mysql1/src/single_connection.dart 483:30  ReqRespConnection.processHandlerWithResults.<fn>
package:pool/pool.dart 127:28                     Pool.withResource

ERROR - 2021-04-07 10:45:49.635765
GET /records
Error thrown by handler.
Bad state: Cannot write to socket, it is closed
package:mysql1/src/buffered_socket.dart 133:7     BufferedSocket.writeBufferPart
package:mysql1/src/buffered_socket.dart 127:12    BufferedSocket.writeBuffer
package:mysql1/src/single_connection.dart 426:19  ReqRespConnection._sendBufferPart
package:mysql1/src/single_connection.dart 414:14  ReqRespConnection.sendBuffer
package:mysql1/src/single_connection.dart 461:11  ReqRespConnection._processHandler
package:mysql1/src/single_connection.dart 486:19  ReqRespConnection.processHandlerWithResults.<fn>
package:mysql1/src/single_connection.dart 483:30  ReqRespConnection.processHandlerWithResults.<fn>
package:pool/pool.dart 127:28                     Pool.withResource

Serving at http://localhost:8338
refresh DB connection
177 log records found
2021-04-08T15:31:56.263924  0:00:00.152611 GET     [200] /records
1 log record found
2021-04-08T15:32:01.606622  0:00:00.007210 GET     [200] /record?id=164
177 log records found
2021-04-08T15:32:20.134997  0:00:00.039120 GET     [200] /records
1 log record found
2021-04-08T15:32:23.849773  0:00:00.003650 GET     [200] /record?id=169
1 log record found
2021-04-08T15:32:29.909983  0:00:00.005327 GET     [200] /record?id=156
1 log record found
2021-04-08T15:32:35.569786  0:00:00.003737 GET     [200] /record?id=89
1 log record found
2021-04-08T15:32:38.215892  0:00:00.003346 GET     [200] /record?id=89
refresh DB connection
refresh DB connection
refresh DB connection
181 log records found
2021-04-08T19:02:48.420535  0:00:00.035221 GET     [200] /records
1 log record found
2021-04-08T19:02:56.299607  0:00:00.003415 GET     [200] /record?id=182
1 log record found
2021-04-08T19:02:58.909153  0:00:00.003934 GET     [200] /record?id=181
1 log record found
2021-04-08T19:03:05.591357  0:00:00.003928 GET     [200] /record?id=180
1 log record found
2021-04-08T19:03:07.467034  0:00:00.003003 GET     [200] /record?id=181
1 log record found
2021-04-08T19:03:11.155014  0:00:00.002991 GET     [200] /record?id=182
1 log record found
2021-04-08T19:03:16.136476  0:00:00.003217 GET     [200] /record?id=179
1 log record found
2021-04-08T19:03:18.602873  0:00:00.002931 GET     [200] /record?id=180
181 log records found
2021-04-08T19:23:03.515397  0:00:00.031579 GET     [200] /records
181 log records found
2021-04-08T19:25:46.385721  0:00:00.027945 GET     [200] /records
1 log record found
2021-04-08T19:25:54.535828  0:00:00.002855 GET     [200] /record?id=182
1 log record found
2021-04-08T19:25:56.337474  0:00:00.002847 GET     [200] /record?id=182
1 log record found
2021-04-08T19:26:03.652200  0:00:00.002820 GET     [200] /record?id=180
1 log record found
2021-04-08T19:26:07.402300  0:00:00.002780 GET     [200] /record?id=181
1 log record found
2021-04-08T19:26:08.970572  0:00:00.002950 GET     [200] /record?id=182
1 log record found
2021-04-08T19:26:22.822116  0:00:00.003161 GET     [200] /record?id=168
1 log record found
2021-04-08T19:26:25.908530  0:00:00.003003 GET     [200] /record?id=166
1 log record found
2021-04-08T19:26:28.324298  0:00:00.002060 GET     [200] /record?id=182
1 log record found
2021-04-08T19:26:31.077341  0:00:00.002764 GET     [200] /record?id=181
1 log record found
2021-04-08T19:26:35.216635  0:00:00.002816 GET     [200] /record?id=180
1 log record found
2021-04-08T19:26:37.379018  0:00:00.002720 GET     [200] /record?id=179
1 log record found
2021-04-08T19:28:24.243380  0:00:00.002784 GET     [200] /record?id=180
1 log record found
2021-04-08T19:28:34.447421  0:00:00.002898 GET     [200] /record?id=179
1 log record found
2021-04-08T19:28:42.665054  0:00:00.002887 GET     [200] /record?id=180
1 log record found
2021-04-08T19:28:52.189439  0:00:00.002877 GET     [200] /record?id=181
1 log record found
2021-04-08T19:28:54.460197  0:00:00.002954 GET     [200] /record?id=182
refresh DB connection
1 log record found
2021-04-08T19:32:48.093956  0:00:00.002649 GET     [200] /record?id=181
1 log record found
2021-04-08T19:32:49.589823  0:00:00.002773 GET     [200] /record?id=180
1 log record found
2021-04-08T19:32:50.783218  0:00:00.002819 GET     [200] /record?id=179
1 log record found
2021-04-08T19:33:04.943726  0:00:00.002335 GET     [200] /record?id=178
1 log record found
2021-04-08T19:33:06.627236  0:00:00.003197 GET     [200] /record?id=177
1 log record found
2021-04-08T19:33:08.467416  0:00:00.003324 GET     [200] /record?id=178
1 log record found
2021-04-08T19:34:51.148872  0:00:00.002712 GET     [200] /record?id=180
1 log record found
2021-04-08T19:34:53.494465  0:00:00.003279 GET     [200] /record?id=182
1 log record found
2021-04-08T19:34:57.980909  0:00:00.003031 GET     [200] /record?id=180
1 log record found
2021-04-08T19:35:38.427390  0:00:00.002570 GET     [200] /record?id=178
1 log record found
2021-04-08T19:35:39.956584  0:00:00.002553 GET     [200] /record?id=178
1 log record found
2021-04-08T19:36:00.530296  0:00:00.002914 GET     [200] /record?id=170
1 log record found
2021-04-08T19:36:07.077660  0:00:00.003047 GET     [200] /record?id=165
1 log record found
2021-04-08T19:36:13.094685  0:00:00.002830 GET     [200] /record?id=163
1 log record found
2021-04-08T19:36:25.031742  0:00:00.002602 GET     [200] /record?id=180
1 log record found
2021-04-08T19:36:28.528556  0:00:00.002642 GET     [200] /record?id=178
1 log record found
2021-04-08T19:36:32.933144  0:00:00.002652 GET     [200] /record?id=170
1 log record found
2021-04-08T19:36:35.738629  0:00:00.003534 GET     [200] /record?id=182
181 log records found
2021-04-08T19:38:33.480623  0:00:00.025419 GET     [200] /records
1 log record found
2021-04-08T19:38:45.332786  0:00:00.002357 GET     [200] /record?id=179
1 log record found
2021-04-08T19:38:50.304252  0:00:00.002380 GET     [200] /record?id=179
1 log record found
2021-04-08T19:38:52.267214  0:00:00.002299 GET     [200] /record?id=180
1 log record found
2021-04-08T19:38:59.448180  0:00:00.002391 GET     [200] /record?id=170
1 log record found
2021-04-08T19:39:05.148034  0:00:00.002316 GET     [200] /record?id=165
1 log record found
2021-04-08T19:39:07.909290  0:00:00.002370 GET     [200] /record?id=163
1 log record found
2021-04-08T19:40:47.903674  0:00:00.002486 GET     [200] /record?id=165
1 log record found
2021-04-08T19:40:50.664891  0:00:00.002384 GET     [200] /record?id=170
1 log record found
2021-04-08T19:40:59.409693  0:00:00.002560 GET     [200] /record?id=158
1 log record found
2021-04-08T19:42:00.978483  0:00:00.002777 GET     [200] /record?id=156
1 log record found
2021-04-08T19:42:36.352853  0:00:00.002706 GET     [200] /record?id=153
1 log record found
2021-04-08T19:42:40.266296  0:00:00.001714 GET     [200] /record?id=156
1 log record found
2021-04-08T19:42:43.535368  0:00:00.002567 GET     [200] /record?id=153
1 log record found
2021-04-08T19:43:24.365469  0:00:00.002456 GET     [200] /record?id=158
refresh DB connection
refresh DB connection
refresh DB connection
refresh DB connection
refresh DB connection
refresh DB connection
refresh DB connection
refresh DB connection
refresh DB connection
refresh DB connection
refresh DB connection
refresh DB connection
refresh DB connection
189 log records found
2021-04-09T08:35:13.229373  0:00:00.023772 GET     [200] /records
1 log record found
2021-04-09T08:35:35.991028  0:00:00.002307 GET     [200] /record?id=190
1 log record found
2021-04-09T08:35:42.792782  0:00:00.002216 GET     [200] /record?id=189
1 log record found
2021-04-09T08:35:48.521711  0:00:00.002342 GET     [200] /record?id=188
1 log record found
2021-04-09T08:35:53.057193  0:00:00.002348 GET     [200] /record?id=187
1 log record found
2021-04-09T08:35:58.793635  0:00:00.002355 GET     [200] /record?id=186
1 log record found
2021-04-09T08:36:01.893880  0:00:00.002530 GET     [200] /record?id=185
1 log record found
2021-04-09T08:36:07.603679  0:00:00.002079 GET     [200] /record?id=189
1 log record found
2021-04-09T08:36:10.411690  0:00:00.002080 GET     [200] /record?id=190
refresh DB connection
refresh DB connection
refresh DB connection
193 log records found
2021-04-09T11:47:24.454  0:00:00.022320 GET     [200] /records
1 log record found
2021-04-09T11:47:32.664729  0:00:00.002313 GET     [200] /record?id=193
1 log record found
2021-04-09T11:47:38.835115  0:00:00.002349 GET     [200] /record?id=194
refresh DB connection
refresh DB connection
refresh DB connection
refresh DB connection
refresh DB connection
refresh DB connection
refresh DB connection
refresh DB connection
210 log records found
2021-04-09T20:06:35.610388  0:00:00.023478 GET     [200] /records
1 log record found
2021-04-09T20:06:44.739589  0:00:00.002385 GET     [200] /record?id=211
1 log record found
2021-04-09T20:07:21.107782  0:00:00.002203 GET     [200] /record?id=210
1 log record found
2021-04-09T20:07:23.134342  0:00:00.002381 GET     [200] /record?id=209
1 log record found
2021-04-09T20:08:37.054093  0:00:00.002347 GET     [200] /record?id=207
1 log record found
2021-04-09T20:08:41.711975  0:00:00.002341 GET     [200] /record?id=205
1 log record found
2021-04-09T20:09:38.332077  0:00:00.002223 GET     [200] /record?id=203
1 log record found
2021-04-09T20:09:56.045974  0:00:00.002280 GET     [200] /record?id=201
1 log record found
2021-04-09T20:10:05.012202  0:00:00.002363 GET     [200] /record?id=199
1 log record found
2021-04-09T20:11:07.440061  0:00:00.001243 GET     [200] /record?id=197
1 log record found
2021-04-09T20:11:24.277385  0:00:00.002468 GET     [200] /record?id=195
refresh DB connection
210 log records found
2021-04-09T20:32:06.048670  0:00:00.023861 GET     [200] /records
1 log record found
2021-04-09T20:33:54.515091  0:00:00.001964 GET     [200] /record?id=211
210 log records found
2021-04-09T20:34:32.610821  0:00:00.020828 GET     [200] /records
refresh DB connection
refresh DB connection
refresh DB connection
refresh DB connection
refresh DB connection
refresh DB connection
refresh DB connection
refresh DB connection
refresh DB connection
refresh DB connection
refresh DB connection
refresh DB connection
refresh DB connection
refresh DB connection
210 log records found
2021-04-10T11:12:45.149351  0:00:00.022209 GET     [200] /records
1 log record found
2021-04-10T11:13:02.087627  0:00:00.002162 GET     [200] /record?id=211
refresh DB connection
210 log records found
2021-04-10T12:06:12.406568  0:00:00.020021 GET     [200] /records
refresh DB connection
210 log records found
2021-04-10T13:17:18.311466  0:00:00.019927 GET     [200] /records
210 log records found
2021-04-10T13:17:27.371986  0:00:00.019980 GET     [200] /records
211 log records found
2021-04-10T13:19:09.721606  0:00:00.017849 GET     [200] /records
216 log records found
2021-04-10T13:29:54.882547  0:00:00.018039 GET     [200] /records
1 log record found
2021-04-10T13:30:02.725600  0:00:00.002056 GET     [200] /record?id=217
refresh DB connection
refresh DB connection
216 log records found
2021-04-10T15:07:33.331154  0:00:00.016125 GET     [200] /records
refresh DB connection
refresh DB connection
refresh DB connection
refresh DB connection
216 log records found
2021-04-10T18:38:17.208653  0:00:00.020210 GET     [200] /records
216 log records found
2021-04-10T18:53:58.031721  0:00:00.016371 GET     [200] /records
1 log record found
2021-04-10T18:54:15.691957  0:00:00.001661 GET     [200] /record?id=217
1 log record found
2021-04-10T18:54:18.331714  0:00:00.001890 GET     [200] /record?id=216
1 log record found
2021-04-10T18:54:19.279812  0:00:00.001635 GET     [200] /record?id=216
1 log record found
2021-04-10T18:54:20.972775  0:00:00.001637 GET     [200] /record?id=217
1 log record found
2021-04-10T18:54:21.902806  0:00:00.001548 GET     [200] /record?id=217
1 log record found
2021-04-10T18:54:22.828275  0:00:00.001553 GET     [200] /record?id=217
1 log record found
2021-04-10T18:54:26.705493  0:00:00.001562 GET     [200] /record?id=216
1 log record found
2021-04-10T18:54:28.626906  0:00:00.001758 GET     [200] /record?id=215
1 log record found
2021-04-10T18:54:30.196043  0:00:00.001890 GET     [200] /record?id=214
1 log record found
2021-04-10T18:54:31.627093  0:00:00.001930 GET     [200] /record?id=213
216 log records found
2021-04-10T19:01:18.000072  0:00:00.015718 GET     [200] /records
216 log records found
2021-04-10T19:01:33.467746  0:00:00.015683 GET     [200] /records
216 log records found
2021-04-10T19:02:06.228322  0:00:00.011249 GET     [200] /records
216 log records found
2021-04-10T19:03:44.653255  0:00:00.017038 GET     [200] /records
216 log records found
2021-04-10T19:05:02.010656  0:00:00.016493 GET     [200] /records
216 log records found
2021-04-10T19:05:58.208753  0:00:00.017198 GET     [200] /records
216 log records found
2021-04-10T19:07:53.134  0:00:00.016708 GET     [200] /records
216 log records found
2021-04-10T19:08:28.657098  0:00:00.017307 GET     [200] /records
216 log records found
2021-04-10T19:08:55.808284  0:00:00.017539 GET     [200] /records
216 log records found
2021-04-10T19:09:39.671051  0:00:00.015626 GET     [200] /records
216 log records found
2021-04-10T19:13:08.426265  0:00:00.016072 GET     [200] /records
216 log records found
2021-04-10T19:14:32.283145  0:00:00.016144 GET     [200] /records
216 log records found
2021-04-10T19:15:52.045290  0:00:00.016638 GET     [200] /records
216 log records found
2021-04-10T19:17:15.609439  0:00:00.016554 GET     [200] /records
216 log records found
2021-04-10T19:20:13.500566  0:00:00.015252 GET     [200] /records
216 log records found
2021-04-10T19:21:32.663954  0:00:00.014987 GET     [200] /records
216 log records found
2021-04-10T19:23:32.847610  0:00:00.016206 GET     [200] /records
216 log records found
2021-04-10T19:26:47.229259  0:00:00.016424 GET     [200] /records
216 log records found
2021-04-10T19:26:59.446663  0:00:00.017513 GET     [200] /records
216 log records found
2021-04-10T19:28:40.814047  0:00:00.015859 GET     [200] /records
216 log records found
2021-04-10T19:29:28.388291  0:00:00.017007 GET     [200] /records
216 log records found
2021-04-10T19:29:29.779495  0:00:00.014929 GET     [200] /records
216 log records found
2021-04-10T19:30:26.461471  0:00:00.016173 GET     [200] /records
refresh DB connection
216 log records found
2021-04-10T19:34:00.379215  0:00:00.015190 GET     [200] /records
216 log records found
2021-04-10T19:34:22.582120  0:00:00.014599 GET     [200] /records
216 log records found
2021-04-10T19:40:42.296423  0:00:00.016769 GET     [200] /records
216 log records found
2021-04-10T19:41:28.045817  0:00:00.015902 GET     [200] /records
216 log records found
2021-04-10T19:51:05.006024  0:00:00.014186 GET     [200] /records
1 log record found
2021-04-10T19:51:15.087935  0:00:00.001670 GET     [200] /record?id=191
1 log record found
2021-04-10T19:51:17.470324  0:00:00.001684 GET     [200] /record?id=190
1 log record found
2021-04-10T19:51:19.174459  0:00:00.001713 GET     [200] /record?id=187
1 log record found
2021-04-10T19:51:23.675087  0:00:00.001698 GET     [200] /record?id=186
1 log record found
2021-04-10T19:51:36.191624  0:00:00.002096 GET     [200] /record?id=211
1 log record found
2021-04-10T19:51:37.766151  0:00:00.001774 GET     [200] /record?id=210
1 log record found
2021-04-10T19:51:42.105840  0:00:00.001614 GET     [200] /record?id=211
1 log record found
2021-04-10T19:51:50.292077  0:00:00.001621 GET     [200] /record?id=217
1 log record found
2021-04-10T19:51:52.364910  0:00:00.001534 GET     [200] /record?id=216
216 log records found
2021-04-10T19:52:42.229475  0:00:00.016195 GET     [200] /records
216 log records found
2021-04-10T19:53:27.038645  0:00:00.015465 GET     [200] /records
1 log record found
2021-04-10T19:53:38.522350  0:00:00.001502 GET     [200] /record?id=210
1 log record found
2021-04-10T19:53:40.498393  0:00:00.001741 GET     [200] /record?id=208
216 log records found
2021-04-10T19:54:18.040346  0:00:00.016884 GET     [200] /records
1 log record found
2021-04-10T19:54:22.103685  0:00:00.001501 GET     [200] /record?id=215
1 log record found
2021-04-10T19:54:28.496624  0:00:00.001498 GET     [200] /record?id=208
216 log records found
2021-04-10T19:55:20.514599  0:00:00.015789 GET     [200] /records
1 log record found
2021-04-10T19:55:24.036423  0:00:00.001447 GET     [200] /record?id=208
1 log record found
2021-04-10T19:55:33.966900  0:00:00.001680 GET     [200] /record?id=204
1 log record found
2021-04-10T19:56:14.571390  0:00:00.001621 GET     [200] /record?id=214
1 log record found
2021-04-10T19:56:15.015462  0:00:00.001504 GET     [200] /record?id=214
1 log record found
2021-04-10T19:56:16.605042  0:00:00.001517 GET     [200] /record?id=213
refresh DB connection
216 log records found
2021-04-10T20:41:04.821176  0:00:00.016322 GET     [200] /records
1 log record found
2021-04-10T20:41:14.271285  0:00:00.000916 GET     [200] /record?id=190
1 log record found
2021-04-10T20:41:22.972623  0:00:00.001654 GET     [200] /record?id=63
1 log record found
2021-04-10T20:41:25.066428  0:00:00.001712 GET     [200] /record?id=62
1 log record found
2021-04-10T20:41:26.597214  0:00:00.001724 GET     [200] /record?id=60
1 log record found
2021-04-10T20:41:27.650851  0:00:00.000893 GET     [200] /record?id=58
1 log record found
2021-04-10T20:41:30.668254  0:00:00.001497 GET     [200] /record?id=60
1 log record found
2021-04-10T20:41:34.002382  0:00:00.001451 GET     [200] /record?id=63
1 log record found
2021-04-10T20:41:34.973933  0:00:00.001157 GET     [200] /record?id=62
1 log record found
2021-04-10T20:41:35.951001  0:00:00.001408 GET     [200] /record?id=62
1 log record found
2021-04-10T20:41:37.120842  0:00:00.001838 GET     [200] /record?id=61
1 log record found
2021-04-10T20:41:38.298332  0:00:00.001425 GET     [200] /record?id=60
1 log record found
2021-04-10T20:41:39.801093  0:00:00.001709 GET     [200] /record?id=59
1 log record found
2021-04-10T20:41:41.134388  0:00:00.001495 GET     [200] /record?id=58
1 log record found
2021-04-10T20:41:42.576484  0:00:00.001889 GET     [200] /record?id=57
1 log record found
2021-04-10T20:41:44.110734  0:00:00.001705 GET     [200] /record?id=56
1 log record found
2021-04-10T20:41:45.678689  0:00:00.001683 GET     [200] /record?id=55
1 log record found
2021-04-10T20:41:46.876090  0:00:00.001705 GET     [200] /record?id=54
1 log record found
2021-04-10T20:41:48.575429  0:00:00.001430 GET     [200] /record?id=54
1 log record found
2021-04-10T20:41:49.659718  0:00:00.001683 GET     [200] /record?id=53
1 log record found
2021-04-10T20:41:50.807196  0:00:00.001638 GET     [200] /record?id=52
1 log record found
2021-04-10T20:41:52.358930  0:00:00.001732 GET     [200] /record?id=51
1 log record found
2021-04-10T20:41:54.196987  0:00:00.001703 GET     [200] /record?id=50
1 log record found
2021-04-10T20:41:55.502471  0:00:00.001698 GET     [200] /record?id=49
1 log record found
2021-04-10T20:41:56.904785  0:00:00.001758 GET     [200] /record?id=48
1 log record found
2021-04-10T20:41:58.277191  0:00:00.001720 GET     [200] /record?id=47
1 log record found
2021-04-10T20:41:59.793904  0:00:00.001159 GET     [200] /record?id=46
1 log record found
2021-04-10T20:42:01.448418  0:00:00.001819 GET     [200] /record?id=45
1 log record found
2021-04-10T20:42:04.711978  0:00:00.001813 GET     [200] /record?id=44
1 log record found
2021-04-10T20:42:08.916403  0:00:00.001810 GET     [200] /record?id=43
1 log record found
2021-04-10T20:42:10.726310  0:00:00.001821 GET     [200] /record?id=42
1 log record found
2021-04-10T20:42:12.974270  0:00:00.001780 GET     [200] /record?id=41
1 log record found
2021-04-10T20:42:14.659046  0:00:00.001743 GET     [200] /record?id=40
1 log record found
2021-04-10T20:42:15.576567  0:00:00.001726 GET     [200] /record?id=39
1 log record found
2021-04-10T20:42:17.005119  0:00:00.001754 GET     [200] /record?id=38
1 log record found
2021-04-10T20:42:24.514963  0:00:00.001824 GET     [200] /record?id=37
1 log record found
2021-04-10T20:42:26.121004  0:00:00.001823 GET     [200] /record?id=36
1 log record found
2021-04-10T20:42:28.386771  0:00:00.001756 GET     [200] /record?id=35
1 log record found
2021-04-10T20:42:30.026120  0:00:00.001723 GET     [200] /record?id=34
1 log record found
2021-04-10T20:42:31.814560  0:00:00.001759 GET     [200] /record?id=33
1 log record found
2021-04-10T20:42:33.196177  0:00:00.001758 GET     [200] /record?id=32
1 log record found
2021-04-10T20:42:35.936294  0:00:00.001751 GET     [200] /record?id=31
1 log record found
2021-04-10T20:42:37.664895  0:00:00.001774 GET     [200] /record?id=30
1 log record found
2021-04-10T20:42:39.120853  0:00:00.001315 GET     [200] /record?id=29
1 log record found
2021-04-10T20:42:40.711786  0:00:00.001787 GET     [200] /record?id=28
1 log record found
2021-04-10T20:42:42.379935  0:00:00.001802 GET     [200] /record?id=27
1 log record found
2021-04-10T20:43:06.320891  0:00:00.001476 GET     [200] /record?id=63
1 log record found
2021-04-10T20:43:30.882530  0:00:00.001522 GET     [200] /record?id=61
refresh DB connection
216 log records found
2021-04-10T21:42:57.406567  0:00:00.015892 GET     [200] /records
1 log record found
2021-04-10T21:43:20.417607  0:00:00.001448 GET     [200] /record?id=63
1 log record found
2021-04-10T21:43:22.794257  0:00:00.001411 GET     [200] /record?id=62
refresh DB connection
refresh DB connection
refresh DB connection
refresh DB connection
refresh DB connection
refresh DB connection
refresh DB connection
refresh DB connection
refresh DB connection
refresh DB connection
refresh DB connection
refresh DB connection
refresh DB connection
refresh DB connection
refresh DB connection
refresh DB connection
refresh DB connection
refresh DB connection
refresh DB connection
216 log records found
2021-04-11T16:57:55.915076  0:00:00.009155 GET     [200] /records
refresh DB connection
refresh DB connection
216 log records found
2021-04-11T19:20:26.658357  0:00:00.014042 GET     [200] /records
216 log records found
2021-04-11T19:20:39.061956  0:00:00.015952 GET     [200] /records
1 log record found
2021-04-11T19:21:23.330988  0:00:00.000948 GET     [200] /record?id=217
1 log record found
2021-04-11T19:21:29.862190  0:00:00.001401 GET     [200] /record?id=216
refresh DB connection
216 log records found
2021-04-11T20:08:13.437396  0:00:00.014135 GET     [200] /records
216 log records found
2021-04-11T20:21:00.570787  0:00:00.017660 GET     [200] /records
refresh DB connection
refresh DB connection
refresh DB connection
refresh DB connection
refresh DB connection
refresh DB connection
refresh DB connection
refresh DB connection
refresh DB connection
refresh DB connection
refresh DB connection
refresh DB connection
refresh DB connection
refresh DB connection
refresh DB connection
refresh DB connection
refresh DB connection
refresh DB connection
refresh DB connection
refresh DB connection
refresh DB connection
refresh DB connection
refresh DB connection
refresh DB connection
216 log records found
2021-04-12T19:47:10.398465  0:00:00.013885 GET     [200] /records
1 log record found
2021-04-12T19:47:45.126853  0:00:00.001531 GET     [200] /record?id=63
1 log record found
2021-04-12T19:47:45.683478  0:00:00.001458 GET     [200] /record?id=63
1 log record found
2021-04-12T19:47:46.957072  0:00:00.001445 GET     [200] /record?id=62
1 log record found
2021-04-12T19:47:48.323164  0:00:00.001588 GET     [200] /record?id=61
1 log record found
2021-04-12T19:47:50.956180  0:00:00.001569 GET     [200] /record?id=60
1 log record found
2021-04-12T19:47:52.479879  0:00:00.001485 GET     [200] /record?id=59
1 log record found
2021-04-12T19:47:53.951634  0:00:00.001628 GET     [200] /record?id=58
1 log record found
2021-04-12T19:47:55.182781  0:00:00.001388 GET     [200] /record?id=57
1 log record found
2021-04-12T19:47:56.602441  0:00:00.001442 GET     [200] /record?id=56
1 log record found
2021-04-12T19:47:57.975726  0:00:00.001415 GET     [200] /record?id=55
1 log record found
2021-04-12T19:47:59.411572  0:00:00.001522 GET     [200] /record?id=54
1 log record found
2021-04-12T19:48:00.828566  0:00:00.001493 GET     [200] /record?id=53
1 log record found
2021-04-12T19:48:02.258743  0:00:00.001545 GET     [200] /record?id=52
1 log record found
2021-04-12T19:48:03.827207  0:00:00.001533 GET     [200] /record?id=51
1 log record found
2021-04-12T19:48:05.433442  0:00:00.001480 GET     [200] /record?id=50
1 log record found
2021-04-12T19:48:06.734132  0:00:00.001373 GET     [200] /record?id=49
1 log record found
2021-04-12T19:48:08.078158  0:00:00.001451 GET     [200] /record?id=48
1 log record found
2021-04-12T19:48:10.575207  0:00:00.001479 GET     [200] /record?id=47
1 log record found
2021-04-12T19:48:11.934638  0:00:00.001427 GET     [200] /record?id=46
1 log record found
2021-04-12T19:48:13.323173  0:00:00.001499 GET     [200] /record?id=45
1 log record found
2021-04-12T19:49:08.450417  0:00:00.001590 GET     [200] /record?id=44
1 log record found
2021-04-12T19:50:10.793126  0:00:00.001587 GET     [200] /record?id=43
219 log records found
2021-04-12T20:06:08.909007  0:00:00.016890 GET     [200] /records
1 log record found
2021-04-12T20:06:16.629892  0:00:00.001831 GET     [200] /record?id=220
1 log record found
2021-04-12T20:06:21.902376  0:00:00.001708 GET     [200] /record?id=219
1 log record found
2021-04-12T20:06:23.637466  0:00:00.001695 GET     [200] /record?id=218
1 log record found
2021-04-12T20:06:25.358129  0:00:00.001537 GET     [200] /record?id=220
refresh DB connection
refresh DB connection
219 log records found
2021-04-12T21:36:33.886257  0:00:00.016349 GET     [200] /records
1 log record found
2021-04-12T21:36:59.957342  0:00:00.001586 GET     [200] /record?id=220
1 log record found
2021-04-12T21:37:13.392516  0:00:00.001825 GET     [200] /record?id=211
refresh DB connection
refresh DB connection
refresh DB connection
refresh DB connection
refresh DB connection
refresh DB connection
refresh DB connection
refresh DB connection
refresh DB connection
refresh DB connection
refresh DB connection
refresh DB connection
refresh DB connection
refresh DB connection
refresh DB connection
refresh DB connection
refresh DB connection
refresh DB connection
refresh DB connection
241 log records found
2021-04-13T16:50:26.174855  0:00:00.016433 GET     [200] /records
1 log record found
2021-04-13T16:50:35.933019  0:00:00.001824 GET     [200] /record?id=242
1 log record found
2021-04-13T16:50:39.508596  0:00:00.001740 GET     [200] /record?id=241
1 log record found
2021-04-13T16:50:41.765951  0:00:00.001646 GET     [200] /record?id=240
1 log record found
2021-04-13T16:50:44.670748  0:00:00.001661 GET     [200] /record?id=239
1 log record found
2021-04-13T16:50:46.321446  0:00:00.001772 GET     [200] /record?id=238
1 log record found
2021-04-13T16:51:49.630554  0:00:00.001728 GET     [200] /record?id=237
1 log record found
2021-04-13T16:51:51.766179  0:00:00.001694 GET     [200] /record?id=236
1 log record found
2021-04-13T16:51:54.000292  0:00:00.001713 GET     [200] /record?id=235
1 log record found
2021-04-13T16:52:09.786585  0:00:00.001960 GET     [200] /record?id=224
1 log record found
2021-04-13T16:52:15.181764  0:00:00.001643 GET     [200] /record?id=223
1 log record found
2021-04-13T16:52:16.535136  0:00:00.001732 GET     [200] /record?id=222
241 log records found
2021-04-13T16:57:51.331251  0:00:00.015719 GET     [200] /records
241 log records found
2021-04-13T17:05:55.915700  0:00:00.015515 GET     [200] /records
241 log records found
2021-04-13T17:29:11.847784  0:00:00.015597 GET     [200] /records
refresh DB connection
refresh DB connection
refresh DB connection
247 log records found
2021-04-13T19:35:46.439155  0:00:00.016427 GET     [200] /records
247 log records found
2021-04-13T19:48:56.827786  0:00:00.016420 GET     [200] /records
247 log records found
2021-04-13T19:52:38.739150  0:00:00.017713 GET     [200] /records
247 log records found
2021-04-13T19:52:45.177384  0:00:00.017084 GET     [200] /records
247 log records found
2021-04-13T19:53:18.664198  0:00:00.015344 GET     [200] /records
247 log records found
2021-04-13T19:53:40.325918  0:00:00.016662 GET     [200] /records
247 log records found
2021-04-13T19:54:19.520828  0:00:00.017323 GET     [200] /records
247 log records found
2021-04-13T19:54:21.452784  0:00:00.017316 GET     [200] /records
247 log records found
2021-04-13T19:58:49.888597  0:00:00.015881 GET     [200] /records
247 log records found
2021-04-13T20:01:24.684995  0:00:00.017162 GET     [200] /records
247 log records found
2021-04-13T20:07:45.411990  0:00:00.015505 GET     [200] /records
247 log records found
2021-04-13T20:10:43.902232  0:00:00.016458 GET     [200] /records
248 log records found
2021-04-13T20:18:16.598133  0:00:00.016906 GET     [200] /records
248 log records found
2021-04-13T20:18:58.385393  0:00:00.016982 GET     [200] /records
248 log records found
2021-04-13T20:20:00.630100  0:00:00.018225 GET     [200] /records
249 log records found
2021-04-13T20:20:33.304171  0:00:00.015816 GET     [200] /records
252 log records found
2021-04-13T20:23:03.629966  0:00:00.017250 GET     [200] /records
252 log records found
2021-04-13T20:23:25.107148  0:00:00.016060 GET     [200] /records
refresh DB connection
refresh DB connection
refresh DB connection
refresh DB connection
refresh DB connection
refresh DB connection
refresh DB connection
refresh DB connection
refresh DB connection
refresh DB connection
refresh DB connection
refresh DB connection
refresh DB connection
refresh DB connection
refresh DB connection
260 log records found
2021-04-14T10:48:04.944447  0:00:00.016378 GET     [200] /records
1 log record found
2021-04-14T10:48:14.807296  0:00:00.001735 GET     [200] /record?id=261
266 log records found
2021-04-14T11:14:31.740304  0:00:00.018709 GET     [200] /records
266 log records found
2021-04-14T11:17:26.374825  0:00:00.016853 GET     [200] /records
1 log record found
2021-04-14T11:18:26.439324  0:00:00.001806 GET     [200] /record?id=63
266 log records found
2021-04-14T11:22:04.915763  0:00:00.015656 GET     [200] /records
Serving at http://localhost:8338
282 log records found
2021-04-14T11:39:17.503178  0:00:00.195827 GET     [200] /records
292 log records found
2021-04-14T11:43:30.787194  0:00:00.054286 GET     [200] /records
292 log records found
2021-04-14T11:45:31.889700  0:00:00.054029 GET     [200] /records
292 log records found
2021-04-14T11:46:48.141835  0:00:00.042892 GET     [200] /records
292 log records found
2021-04-14T11:48:31.140932  0:00:00.047576 GET     [200] /records
292 log records found
2021-04-14T11:50:19.935635  0:00:00.034645 GET     [200] /records
292 log records found
2021-04-14T11:52:21.014746  0:00:00.037495 GET     [200] /records
292 log records found
2021-04-14T11:52:47.888808  0:00:00.030133 GET     [200] /records
292 log records found
2021-04-14T11:54:32.760727  0:00:00.031644 GET     [200] /records
292 log records found
2021-04-14T11:56:13.043  0:00:00.028789 GET     [200] /records
292 log records found
2021-04-14T11:58:52.950551  0:00:00.028229 GET     [200] /records
292 log records found
2021-04-14T12:00:01.195850  0:00:00.026244 GET     [200] /records
292 log records found
2021-04-14T12:00:49.712335  0:00:00.026716 GET     [200] /records
292 log records found
2021-04-14T12:01:38.380294  0:00:00.026317 GET     [200] /records
292 log records found
2021-04-14T12:02:02.679054  0:00:00.025101 GET     [200] /records
292 log records found
2021-04-14T12:02:08.364714  0:00:00.026793 GET     [200] /records
292 log records found
2021-04-14T12:03:12.624116  0:00:00.024403 GET     [200] /records
292 log records found
2021-04-14T12:03:17.001014  0:00:00.023261 GET     [200] /records
292 log records found
2021-04-14T12:03:28.862021  0:00:00.022839 GET     [200] /records
1 log record found
2021-04-14T12:03:42.088356  0:00:00.009284 GET     [200] /record?id=293
1 log record found
2021-04-14T12:03:44.133749  0:00:00.003902 GET     [200] /record?id=293
292 log records found
2021-04-14T12:05:45.364286  0:00:00.023975 GET     [200] /records
292 log records found
2021-04-14T12:44:25.740368  0:00:00.022713 GET     [200] /records
292 log records found
2021-04-14T12:44:44.500604  0:00:00.022386 GET     [200] /records
292 log records found
2021-04-14T12:46:46.679877  0:00:00.020586 GET     [200] /records
292 log records found
2021-04-14T12:47:35.563525  0:00:00.023354 GET     [200] /records
292 log records found
2021-04-14T12:48:19.570067  0:00:00.022139 GET     [200] /records
292 log records found
2021-04-14T12:51:10.271520  0:00:00.020607 GET     [200] /records
292 log records found
2021-04-14T12:52:58.257945  0:00:00.021066 GET     [200] /records
292 log records found
2021-04-14T12:53:33.440007  0:00:00.020061 GET     [200] /records
292 log records found
2021-04-14T12:54:06.854264  0:00:00.021144 GET     [200] /records
292 log records found
2021-04-14T12:54:08.638298  0:00:00.021214 GET     [200] /records
292 log records found
2021-04-14T12:54:38.603097  0:00:00.020691 GET     [200] /records
1 log record found
2021-04-14T12:55:02.616759  0:00:00.003773 GET     [200] /record?id=242
1 log record found
2021-04-14T12:55:04.003663  0:00:00.003544 GET     [200] /record?id=242
1 log record found
2021-04-14T12:55:05.228232  0:00:00.003571 GET     [200] /record?id=242
292 log records found
2021-04-14T12:57:26.979427  0:00:00.020370 GET     [200] /records
1 log record found
2021-04-14T12:58:21.740031  0:00:00.003862 GET     [200] /record?id=239
1 log record found
2021-04-14T12:58:23.296619  0:00:00.002217 GET     [200] /record?id=240
1 log record found
2021-04-14T12:58:24.500339  0:00:00.002711 GET     [200] /record?id=241
1 log record found
2021-04-14T12:58:25.494158  0:00:00.002193 GET     [200] /record?id=242
292 log records found
2021-04-14T12:58:42.414170  0:00:00.021051 GET     [200] /records
292 log records found
2021-04-14T12:59:12.793866  0:00:00.021393 GET     [200] /records
1 log record found
2021-04-14T12:59:20.147911  0:00:00.004356 GET     [200] /record?id=292
1 log record found
2021-04-14T12:59:21.480946  0:00:00.003925 GET     [200] /record?id=293
1 log record found
2021-04-14T12:59:22.636086  0:00:00.004080 GET     [200] /record?id=291
1 log record found
2021-04-14T12:59:23.745638  0:00:00.004174 GET     [200] /record?id=290
1 log record found
2021-04-14T12:59:24.983705  0:00:00.003803 GET     [200] /record?id=288
1 log record found
2021-04-14T12:59:26.998712  0:00:00.004100 GET     [200] /record?id=293
1 log record found
2021-04-14T12:59:28.257461  0:00:00.003558 GET     [200] /record?id=292
1 log record found
2021-04-14T12:59:29.617606  0:00:00.003586 GET     [200] /record?id=293
1 log record found
2021-04-14T12:59:33.616524  0:00:00.004262 GET     [200] /record?id=292
1 log record found
2021-04-14T12:59:34.579475  0:00:00.004090 GET     [200] /record?id=293
1 log record found
2021-04-14T12:59:36.283241  0:00:00.003556 GET     [200] /record?id=292
1 log record found
2021-04-14T12:59:37.881552  0:00:00.004391 GET     [200] /record?id=293
292 log records found
2021-04-14T13:01:04.283924  0:00:00.019758 GET     [200] /records
292 log records found
2021-04-14T13:01:42.909466  0:00:00.021337 GET     [200] /records
292 log records found
2021-04-14T13:02:03.589655  0:00:00.021564 GET     [200] /records
1 log record found
2021-04-14T13:02:09.800530  0:00:00.003843 GET     [200] /record?id=284
1 log record found
2021-04-14T13:02:13.000505  0:00:00.003604 GET     [200] /record?id=284
1 log record found
2021-04-14T13:02:14.365478  0:00:00.003819 GET     [200] /record?id=285
292 log records found
2021-04-14T13:02:39.276283  0:00:00.025026 GET     [200] /records
292 log records found
2021-04-14T13:03:07.480058  0:00:00.020685 GET     [200] /records
292 log records found
2021-04-14T13:03:33.867795  0:00:00.020080 GET     [200] /records
1 log record found
2021-04-14T13:03:45.473389  0:00:00.003602 GET     [200] /record?id=292
1 log record found
2021-04-14T13:03:47.548254  0:00:00.003542 GET     [200] /record?id=293
1 log record found
2021-04-14T13:03:48.837440  0:00:00.003440 GET     [200] /record?id=292
1 log record found
2021-04-14T13:03:49.697982  0:00:00.003634 GET     [200] /record?id=293
1 log record found
2021-04-14T13:03:50.488375  0:00:00.003358 GET     [200] /record?id=292
1 log record found
2021-04-14T13:03:51.778717  0:00:00.002978 GET     [200] /record?id=293
1 log record found
2021-04-14T13:03:52.649132  0:00:00.001975 GET     [200] /record?id=292
1 log record found
2021-04-14T13:03:53.500439  0:00:00.002509 GET     [200] /record?id=293
1 log record found
2021-04-14T13:03:55.737745  0:00:00.003638 GET     [200] /record?id=280
292 log records found
2021-04-14T15:31:25.196268  0:00:00.037321 GET     [200] /records
292 log records found
2021-04-14T15:32:53.100723  0:00:00.021634 GET     [200] /records
1 log record found
2021-04-14T15:33:02.827974  0:00:00.003785 GET     [200] /record?id=220
1 log record found
2021-04-14T15:33:05.127019  0:00:00.003443 GET     [200] /record?id=220
1 log record found
2021-04-14T15:33:06.133351  0:00:00.003388 GET     [200] /record?id=220
292 log records found
2021-04-14T15:55:59.562530  0:00:00.020569 GET     [200] /records
292 log records found
2021-04-15T09:04:33.528585  0:00:00.021845 GET     [200] /records
1 log record found
2021-04-15T09:11:44.657304  0:00:00.003871 GET     [200] /record?id=99
1 log record found
2021-04-15T09:11:50.957477  0:00:00.003865 GET     [200] /record?id=97
1 log record found
2021-04-15T09:12:00.629883  0:00:00.001836 GET     [200] /record?id=99
1 log record found
2021-04-15T09:12:13.277071  0:00:00.003685 GET     [200] /record?id=101
1 log record found
2021-04-15T09:14:25.541823  0:00:00.003932 GET     [200] /record?id=211
1 log record found
2021-04-15T09:15:01.675761  0:00:00.003721 GET     [200] /record?id=209
1 log record found
2021-04-15T09:15:09.916204  0:00:00.003807 GET     [200] /record?id=207
1 log record found
2021-04-15T09:15:28.596277  0:00:00.003825 GET     [200] /record?id=205
1 log record found
2021-04-15T09:15:33.032194  0:00:00.003799 GET     [200] /record?id=203
1 log record found
2021-04-15T09:15:36.680258  0:00:00.003732 GET     [200] /record?id=201
1 log record found
2021-04-15T09:15:42.134143  0:00:00.003661 GET     [200] /record?id=199
1 log record found
2021-04-15T09:15:46.983176  0:00:00.003949 GET     [200] /record?id=197
1 log record found
2021-04-15T09:15:50.473980  0:00:00.003806 GET     [200] /record?id=195
1 log record found
2021-04-15T09:15:54.165772  0:00:00.003770 GET     [200] /record?id=193
1 log record found
2021-04-15T09:16:00.773355  0:00:00.003959 GET     [200] /record?id=182
1 log record found
2021-04-15T09:16:04.305370  0:00:00.003770 GET     [200] /record?id=180
1 log record found
2021-04-15T09:16:09.474534  0:00:00.003904 GET     [200] /record?id=170
1 log record found
2021-04-15T09:16:13.447084  0:00:00.003577 GET     [200] /record?id=165
1 log record found
2021-04-15T09:16:18.725617  0:00:00.003613 GET     [200] /record?id=163
1 log record found
2021-04-15T09:16:23.305956  0:00:00.003712 GET     [200] /record?id=158
1 log record found
2021-04-15T09:22:50.420020  0:00:00.003430 GET     [200] /record?id=279
1 log record found
2021-04-15T09:31:27.535749  0:00:00.003670 GET     [200] /record?id=250
1 log record found
2021-04-15T09:31:35.446163  0:00:00.003966 GET     [200] /record?id=253
1 log record found
2021-04-15T09:31:40.671198  0:00:00.003426 GET     [200] /record?id=250
1 log record found
2021-04-15T09:32:01.242637  0:00:00.003405 GET     [200] /record?id=253
1 log record found
2021-04-15T09:32:03.455211  0:00:00.003552 GET     [200] /record?id=255
1 log record found
2021-04-15T09:34:24.467827  0:00:00.003748 GET     [200] /record?id=271
1 log record found
2021-04-15T09:34:56.508211  0:00:00.003153 GET     [200] /record?id=279
1 log record found
2021-04-15T09:35:24.003923  0:00:00.003310 GET     [200] /record?id=293
1 log record found
2021-04-16T18:53:59.509086  0:00:00.018323 GET     [200] /record?id=253
1 log record found
2021-04-16T18:53:59.510825  0:00:00.019160 GET     [200] /record?id=251
1 log record found
2021-04-16T18:54:00.317338  0:00:00.003365 GET     [200] /record?id=252
1 log record found
2021-04-16T18:54:05.405522  0:00:00.003437 GET     [200] /record?id=253
294 log records found
2021-04-22T12:14:52.821082  0:00:00.019936 GET     [200] /records
1 log record found
2021-04-22T12:15:12.758565  0:00:00.002856 GET     [200] /record?id=295
1 log record found
2021-04-22T12:15:34.181332  0:00:00.003611 GET     [200] /record?id=294
1 log record found
2021-04-22T12:15:35.152105  0:00:00.003148 GET     [200] /record?id=294
1 log record found
2021-04-22T12:15:38.528600  0:00:00.003285 GET     [200] /record?id=295
1 log record found
2021-04-22T12:15:39.825387  0:00:00.003292 GET     [200] /record?id=294
1 log record found
2021-04-22T12:15:47.420315  0:00:00.003650 GET     [200] /record?id=293
1 log record found
2021-04-22T12:15:49.104768  0:00:00.003729 GET     [200] /record?id=292
1 log record found
2021-04-22T12:15:51.655660  0:00:00.003723 GET     [200] /record?id=291
294 log records found
2021-04-22T12:20:59.765913  0:00:00.021094 GET     [200] /records
294 log records found
2021-05-29T16:37:10.476168  0:00:00.047169 GET     [200] /records
1 log record found
2021-05-29T16:37:23.030685  0:00:00.003338 GET     [200] /record?id=295
1 log record found
2021-05-29T16:37:31.300869  0:00:00.003134 GET     [200] /record?id=294
1 log record found
2021-05-29T16:37:39.907417  0:00:00.003396 GET     [200] /record?id=293
294 log records found
2021-08-16T11:22:37.975745  0:00:00.081667 GET     [200] /records
